c:\users\nathaniel stack\documents\oop\lab 8\lab 8\x64\debug\vc141.pdb
c:\users\nathaniel stack\documents\oop\lab 8\lab 8\x64\debug\vc141.idb
c:\users\nathaniel stack\documents\oop\lab 8\lab 8\x64\debug\secondaryenemy.obj
c:\users\nathaniel stack\documents\oop\lab 8\lab 8\x64\debug\primaryenemy.obj
c:\users\nathaniel stack\documents\oop\lab 8\lab 8\x64\debug\potion.obj
c:\users\nathaniel stack\documents\oop\lab 8\lab 8\x64\debug\node.obj
c:\users\nathaniel stack\documents\oop\lab 8\lab 8\x64\debug\monster.obj
c:\users\nathaniel stack\documents\oop\lab 8\lab 8\x64\debug\main.obj
c:\users\nathaniel stack\documents\oop\lab 8\lab 8\x64\debug\list.obj
c:\users\nathaniel stack\documents\oop\lab 8\lab 8\x64\debug\dynamicarray.obj
c:\users\nathaniel stack\documents\oop\lab 8\lab 8\x64\debug\cstring.obj
c:\users\nathaniel stack\documents\oop\lab 8\lab 8\x64\debug\coinpouch.obj
c:\users\nathaniel stack\documents\oop\lab 8\lab 8\x64\debug\character.obj
c:\users\nathaniel stack\documents\oop\lab 8\lab 8\x64\debug\boss.obj
c:\users\nathaniel stack\documents\oop\lab 8\lab 8\x64\debug\backpack.obj
c:\users\nathaniel stack\documents\oop\lab 8\x64\debug\lab 8.exe
c:\users\nathaniel stack\documents\oop\lab 8\x64\debug\lab 8.ilk
c:\users\nathaniel stack\documents\oop\lab 8\x64\debug\lab 8.pdb
c:\users\nathaniel stack\documents\oop\lab 8\lab 8\x64\debug\lab 8.tlog\cl.command.1.tlog
c:\users\nathaniel stack\documents\oop\lab 8\lab 8\x64\debug\lab 8.tlog\cl.read.1.tlog
c:\users\nathaniel stack\documents\oop\lab 8\lab 8\x64\debug\lab 8.tlog\cl.write.1.tlog
c:\users\nathaniel stack\documents\oop\lab 8\lab 8\x64\debug\lab 8.tlog\link.command.1.tlog
c:\users\nathaniel stack\documents\oop\lab 8\lab 8\x64\debug\lab 8.tlog\link.read.1.tlog
c:\users\nathaniel stack\documents\oop\lab 8\lab 8\x64\debug\lab 8.tlog\link.write.1.tlog
